<?xml version="1.0" encoding="UTF-8"?>
<!-- Generated by org.testng.reporters.JUnitReportReporter -->
<testsuite skipped="0" hostname="Bills-MBP.home" name="tests.ContactsPageTest" tests="4" failures="0" timestamp="11 Mar 2020 01:52:45 GMT" time="108.550" errors="0">
  <testcase name="verifyContactPageTitle" time="12.787" classname="tests.ContactsPageTest"/>
  <testcase name="createNewContactTest" time="37.677" classname="tests.ContactsPageTest"/>
  <testcase name="createNewContactTest" time="27.534" classname="tests.ContactsPageTest"/>
  <testcase name="createNewContactTest" time="30.552" classname="tests.ContactsPageTest"/>
</testsuite> <!-- tests.ContactsPageTest -->
