<?xml version="1.0" encoding="UTF-8"?>
<!-- Generated by org.testng.reporters.JUnitReportReporter -->
<testsuite skipped="0" hostname="Bills-MBP.home" name="tests.LoginPageTest" tests="4" failures="0" timestamp="14 Mar 2020 00:25:34 GMT" time="32.160" errors="0">
  <testcase name="getTitle" time="7.088" classname="tests.LoginPageTest"/>
  <testcase name="loginTest1" time="9.585" classname="tests.LoginPageTest"/>
  <testcase name="loginTest2" time="7.817" classname="tests.LoginPageTest"/>
  <testcase name="loginTest3" time="7.670" classname="tests.LoginPageTest"/>
</testsuite> <!-- tests.LoginPageTest -->
